<?xml version="1.0" encoding="UTF-8"?>
<testng-results skipped="0" failed="0" ignored="0" total="1" passed="1">
  <reporter-output>
  </reporter-output>
  <suite name="Default suite" duration-ms="8665" started-at="2018-03-28T08:30:47Z" finished-at="2018-03-28T08:30:56Z">
    <groups>
    </groups>
    <test name="Default test" duration-ms="8665" started-at="2018-03-28T08:30:47Z" finished-at="2018-03-28T08:30:56Z">
      <class name="login.QACreateProject">
        <test-method status="PASS" signature="beforeMethod()[pri:0, instance:login.QACreateProject@ae45eb6]" name="beforeMethod" is-config="true" duration-ms="8627" started-at="2018-03-28T08:30:47Z" finished-at="2018-03-28T08:30:56Z">
          <reporter-output>
          </reporter-output>
        </test-method> <!-- beforeMethod -->
        <test-method status="PASS" signature="f()[pri:0, instance:login.QACreateProject@ae45eb6]" name="f" duration-ms="5" started-at="2018-03-28T08:30:56Z" finished-at="2018-03-28T08:30:56Z">
          <reporter-output>
          </reporter-output>
        </test-method> <!-- f -->
        <test-method status="PASS" signature="afterMethod()[pri:0, instance:login.QACreateProject@ae45eb6]" name="afterMethod" is-config="true" duration-ms="0" started-at="2018-03-28T08:30:56Z" finished-at="2018-03-28T08:30:56Z">
          <reporter-output>
          </reporter-output>
        </test-method> <!-- afterMethod -->
      </class> <!-- login.QACreateProject -->
    </test> <!-- Default test -->
  </suite> <!-- Default suite -->
</testng-results>
